2024-04-30 14:56:45 INFO  Testbase:38 - browser name chrome
2024-04-30 14:56:47 INFO  Testbase:44 - Application url = https://www.bookswagon.com/login
2024-04-30 14:56:53 INFO  Testbase:39 - checking whether img is displayed or not 
2024-04-30 14:56:54 WARN  Testbase:43 - Img might be shifted to different axis of page  
2024-04-30 14:56:54 INFO  Testbase:38 - browser name chrome
2024-04-30 14:56:55 INFO  Testbase:44 - Application url = https://www.bookswagon.com/login
2024-04-30 14:57:01 INFO  Testbase:38 - browser name chrome
2024-04-30 14:57:02 INFO  Testbase:44 - Application url = https://www.bookswagon.com/login
2024-04-30 14:57:09 INFO  Testbase:48 - Login test method is  running ...
2024-04-30 14:57:12 INFO  Testbase:38 - browser name chrome
2024-04-30 14:57:14 INFO  Testbase:44 - Application url = https://www.bookswagon.com/login
2024-04-30 14:57:24 INFO  Testbase:38 - browser name chrome
2024-04-30 14:57:25 INFO  Testbase:44 - Application url = https://www.bookswagon.com/login
2024-04-30 14:57:38 FATAL Testbase:67 - File should be connected to code till its execution 
2024-04-30 14:57:38 INFO  Testbase:38 - browser name chrome
2024-04-30 14:57:39 INFO  Testbase:44 - Application url = https://www.bookswagon.com/login
2024-04-30 14:57:46 FATAL Testbase:67 - File should be connected to code till its execution 
2024-04-30 14:57:46 INFO  Testbase:38 - browser name chrome
2024-04-30 14:57:48 INFO  Testbase:44 - Application url = https://www.bookswagon.com/login
2024-04-30 14:57:55 WARN  Testbase:55 - OTP might take some time to generate 
2024-04-30 15:01:25 INFO  Testbase:38 - browser name chrome
2024-04-30 15:01:26 INFO  Testbase:44 - Application url = https://www.bookswagon.com/login
2024-04-30 15:01:32 FATAL Testbase:67 - File should be connected to code till its execution 
2024-04-30 15:01:32 INFO  Testbase:38 - browser name chrome
2024-04-30 15:01:33 INFO  Testbase:44 - Application url = https://www.bookswagon.com/login
2024-04-30 15:01:38 FATAL Testbase:67 - File should be connected to code till its execution 
2024-04-30 15:01:38 INFO  Testbase:38 - browser name chrome
2024-04-30 15:01:39 INFO  Testbase:44 - Application url = https://www.bookswagon.com/login
2024-04-30 15:01:48 FATAL Testbase:67 - File should be connected to code till its execution 
2024-04-30 16:01:24 INFO  Testbase:45 - browser name chrome
2024-04-30 16:01:29 INFO  Testbase:51 - Application url = https://www.bookswagon.com/login
2024-04-30 16:01:34 INFO  Testbase:39 - checking whether img is displayed or not 
2024-04-30 16:01:35 WARN  Testbase:43 - Img might be shifted to different axis of page  
2024-04-30 16:01:35 INFO  Testbase:45 - browser name chrome
2024-04-30 16:01:36 INFO  Testbase:51 - Application url = https://www.bookswagon.com/login
2024-04-30 16:01:40 INFO  Testbase:45 - browser name chrome
2024-04-30 16:01:42 INFO  Testbase:51 - Application url = https://www.bookswagon.com/login
2024-04-30 16:01:48 INFO  Testbase:48 - Login test method is  running ...
2024-04-30 16:01:51 INFO  Testbase:45 - browser name chrome
2024-04-30 16:01:52 INFO  Testbase:51 - Application url = https://www.bookswagon.com/login
2024-04-30 16:02:08 FATAL Testbase:67 - File should be connected to code till its execution 
2024-04-30 16:02:08 INFO  Testbase:45 - browser name chrome
2024-04-30 16:02:10 INFO  Testbase:51 - Application url = https://www.bookswagon.com/login
2024-04-30 16:02:25 FATAL Testbase:67 - File should be connected to code till its execution 
2024-04-30 16:02:25 INFO  Testbase:45 - browser name chrome
2024-04-30 16:02:27 INFO  Testbase:51 - Application url = https://www.bookswagon.com/login
2024-04-30 16:02:36 FATAL Testbase:67 - File should be connected to code till its execution 
2024-04-30 16:02:36 INFO  Testbase:45 - browser name chrome
2024-04-30 16:02:38 INFO  Testbase:51 - Application url = https://www.bookswagon.com/login
2024-04-30 16:02:50 WARN  Testbase:55 - OTP might take some time to generate 
2024-04-30 16:07:22 INFO  Testbase:45 - browser name chrome
2024-04-30 16:07:25 INFO  Testbase:51 - Application url = https://www.bookswagon.com/login
2024-04-30 16:07:31 FATAL Testbase:67 - File should be connected to code till its execution 
2024-04-30 16:07:31 INFO  Testbase:45 - browser name chrome
2024-04-30 16:07:33 INFO  Testbase:51 - Application url = https://www.bookswagon.com/login
2024-04-30 16:07:40 FATAL Testbase:67 - File should be connected to code till its execution 
2024-04-30 16:07:40 INFO  Testbase:45 - browser name chrome
2024-04-30 16:07:42 INFO  Testbase:51 - Application url = https://www.bookswagon.com/login
2024-04-30 16:07:56 FATAL Testbase:67 - File should be connected to code till its execution 
2024-04-30 16:07:56 INFO  Testbase:45 - browser name chrome
2024-04-30 16:07:57 INFO  Testbase:51 - Application url = https://www.bookswagon.com/login
2024-04-30 16:08:07 INFO  Testbase:45 - browser name chrome
2024-04-30 16:08:09 INFO  Testbase:51 - Application url = https://www.bookswagon.com/login
2024-04-30 16:08:16 INFO  Testbase:39 - checking whether img is displayed or not 
2024-04-30 16:08:16 INFO  Testbase:45 - browser name chrome
2024-04-30 16:08:17 INFO  Testbase:51 - Application url = https://www.bookswagon.com/login
2024-04-30 16:08:27 INFO  Testbase:48 - Login test method is  running ...
2024-04-30 16:08:27 INFO  Testbase:45 - browser name chrome
2024-04-30 16:08:29 INFO  Testbase:51 - Application url = https://www.bookswagon.com/login
2024-04-30 16:08:34 WARN  Testbase:55 - OTP might take some time to generate 
2024-04-30 16:13:01 INFO  Testbase:45 - browser name chrome
2024-04-30 16:13:03 INFO  Testbase:51 - Application url = https://www.bookswagon.com/login
2024-04-30 16:13:10 FATAL Testbase:67 - File should be connected to code till its execution 
2024-04-30 16:13:10 INFO  Testbase:45 - browser name chrome
2024-04-30 16:13:12 INFO  Testbase:51 - Application url = https://www.bookswagon.com/login
2024-04-30 16:13:19 FATAL Testbase:67 - File should be connected to code till its execution 
2024-04-30 16:13:19 INFO  Testbase:45 - browser name chrome
2024-04-30 16:13:20 INFO  Testbase:51 - Application url = https://www.bookswagon.com/login
2024-04-30 16:13:27 FATAL Testbase:67 - File should be connected to code till its execution 
2024-04-30 16:13:27 INFO  Testbase:45 - browser name chrome
2024-04-30 16:13:28 INFO  Testbase:51 - Application url = https://www.bookswagon.com/login
2024-04-30 16:13:36 INFO  Testbase:45 - browser name chrome
2024-04-30 16:13:38 INFO  Testbase:51 - Application url = https://www.bookswagon.com/login
2024-04-30 16:13:44 INFO  Testbase:39 - checking whether img is displayed or not 
2024-04-30 16:13:44 INFO  Testbase:45 - browser name chrome
2024-04-30 16:13:45 INFO  Testbase:51 - Application url = https://www.bookswagon.com/login
2024-04-30 16:13:55 INFO  Testbase:48 - Login test method is  running ...
2024-04-30 16:13:55 INFO  Testbase:45 - browser name chrome
2024-04-30 16:13:58 INFO  Testbase:51 - Application url = https://www.bookswagon.com/login
2024-04-30 16:14:10 WARN  Testbase:55 - OTP might take some time to generate 
2024-04-30 16:18:05 INFO  Testbase:45 - browser name chrome
2024-04-30 16:18:07 INFO  Testbase:51 - Application url = https://www.bookswagon.com/login
2024-04-30 16:18:20 FATAL Testbase:67 - File should be connected to code till its execution 
2024-04-30 16:18:20 INFO  Testbase:45 - browser name chrome
2024-04-30 16:18:22 INFO  Testbase:51 - Application url = https://www.bookswagon.com/login
2024-04-30 16:18:27 FATAL Testbase:67 - File should be connected to code till its execution 
2024-04-30 16:18:27 INFO  Testbase:45 - browser name chrome
2024-04-30 16:18:29 INFO  Testbase:51 - Application url = https://www.bookswagon.com/login
2024-04-30 16:18:33 INFO  Testbase:45 - browser name chrome
2024-04-30 16:18:35 INFO  Testbase:51 - Application url = https://www.bookswagon.com/login
2024-04-30 16:18:44 INFO  Testbase:45 - browser name chrome
2024-04-30 16:18:46 INFO  Testbase:51 - Application url = https://www.bookswagon.com/login
2024-04-30 16:19:04 INFO  Testbase:39 - checking whether img is displayed or not 
2024-04-30 16:19:04 INFO  Testbase:45 - browser name chrome
2024-04-30 16:19:06 INFO  Testbase:51 - Application url = https://www.bookswagon.com/login
2024-04-30 16:19:12 INFO  Testbase:48 - Login test method is  running ...
2024-04-30 16:19:12 INFO  Testbase:45 - browser name chrome
2024-04-30 16:19:14 INFO  Testbase:51 - Application url = https://www.bookswagon.com/login
2024-04-30 16:19:31 WARN  Testbase:55 - OTP might take some time to generate 
2024-04-30 16:51:11 INFO  Testbase:45 - browser name chrome
2024-04-30 16:51:14 INFO  Testbase:51 - Application url = https://www.bookswagon.com/login
2024-04-30 16:51:19 INFO  Testbase:39 - checking whether img is displayed or not 
2024-04-30 17:19:43 INFO  Testbase:46 - browser name chrome
2024-04-30 17:19:48 INFO  Testbase:52 - Application url = https://www.bookswagon.com/login
2024-04-30 17:19:55 INFO  Testbase:48 - Login test method is  running ...
2024-04-30 17:26:53 INFO  Testbase:46 - browser name chrome
2024-04-30 17:26:55 INFO  Testbase:52 - Application url = https://www.bookswagon.com/login
2024-04-30 17:27:12 INFO  Testbase:48 - Login test method is  running ...
2024-04-30 17:28:40 INFO  Testbase:46 - browser name chrome
2024-04-30 17:28:43 INFO  Testbase:52 - Application url = https://www.bookswagon.com/login
2024-04-30 17:28:50 INFO  Testbase:48 - Login test method is  running ...
2024-04-30 17:33:37 INFO  Testbase:46 - browser name chrome
2024-04-30 17:33:40 INFO  Testbase:52 - Application url = https://www.bookswagon.com/login
2024-04-30 17:33:46 INFO  Testbase:48 - Login test method is  running ...
2024-04-30 17:39:43 INFO  Testbase:46 - browser name chrome
2024-04-30 17:39:46 INFO  Testbase:52 - Application url = https://www.bookswagon.com/login
2024-04-30 17:40:22 INFO  Testbase:48 - Login test method is  running ...
2024-04-30 17:44:47 INFO  Testbase:46 - browser name chrome
2024-04-30 17:44:50 INFO  Testbase:52 - Application url = https://www.bookswagon.com/login
2024-04-30 17:44:59 INFO  Testbase:48 - Login test method is  running ...
2024-04-30 18:16:22 INFO  Testbase:46 - browser name chrome
2024-04-30 18:16:25 INFO  Testbase:52 - Application url = https://www.bookswagon.com/login
2024-04-30 18:16:32 INFO  Testbase:48 - Login test method is  running ...
2024-04-30 18:21:03 INFO  Testbase:46 - browser name chrome
2024-04-30 18:21:07 INFO  Testbase:52 - Application url = https://www.bookswagon.com/login
2024-04-30 18:21:13 INFO  Testbase:48 - Login test method is  running ...
2024-04-30 18:23:49 INFO  Testbase:46 - browser name chrome
2024-04-30 18:23:51 INFO  Testbase:52 - Application url = https://www.bookswagon.com/login
2024-04-30 18:23:55 INFO  Testbase:48 - Login test method is  running ...
2024-04-30 18:26:14 INFO  Testbase:46 - browser name chrome
2024-04-30 18:26:16 INFO  Testbase:52 - Application url = https://www.bookswagon.com/login
2024-04-30 18:26:24 INFO  Testbase:48 - Login test method is  running ...
2024-04-30 18:26:56 INFO  Testbase:46 - browser name chrome
2024-04-30 18:26:58 INFO  Testbase:52 - Application url = https://www.bookswagon.com/login
2024-04-30 18:27:04 FATAL Testbase:67 - File should be connected to code till its execution 
2024-04-30 18:27:04 INFO  Testbase:46 - browser name chrome
2024-04-30 18:27:06 INFO  Testbase:52 - Application url = https://www.bookswagon.com/login
2024-04-30 18:27:13 INFO  Testbase:46 - browser name chrome
2024-04-30 18:27:14 INFO  Testbase:52 - Application url = https://www.bookswagon.com/login
2024-04-30 18:27:23 FATAL Testbase:67 - File should be connected to code till its execution 
2024-04-30 18:27:23 INFO  Testbase:46 - browser name chrome
2024-04-30 18:27:25 INFO  Testbase:52 - Application url = https://www.bookswagon.com/login
2024-04-30 18:27:33 INFO  Testbase:46 - browser name chrome
2024-04-30 18:27:35 INFO  Testbase:52 - Application url = https://www.bookswagon.com/login
2024-04-30 18:27:44 INFO  Testbase:39 - checking whether img is displayed or not 
2024-04-30 18:27:44 INFO  Testbase:46 - browser name chrome
2024-04-30 18:27:45 INFO  Testbase:52 - Application url = https://www.bookswagon.com/login
2024-04-30 18:27:52 INFO  Testbase:48 - Login test method is  running ...
2024-04-30 18:27:52 INFO  Testbase:46 - browser name chrome
2024-04-30 18:27:54 INFO  Testbase:52 - Application url = https://www.bookswagon.com/login
2024-04-30 18:27:59 WARN  Testbase:55 - OTP might take some time to generate 
2024-04-30 18:38:59 INFO  Testbase:46 - browser name chrome
2024-04-30 18:39:01 INFO  Testbase:52 - Application url = https://www.bookswagon.com/login
2024-04-30 18:39:05 FATAL Testbase:72 - File should be connected to code till its execution 
2024-04-30 18:39:05 INFO  Testbase:46 - browser name chrome
2024-04-30 18:39:06 INFO  Testbase:52 - Application url = https://www.bookswagon.com/login
2024-04-30 18:39:09 FATAL Testbase:72 - File should be connected to code till its execution 
2024-04-30 18:39:09 INFO  Testbase:46 - browser name chrome
2024-04-30 18:39:10 INFO  Testbase:52 - Application url = https://www.bookswagon.com/login
2024-04-30 18:39:13 FATAL Testbase:72 - File should be connected to code till its execution 
2024-04-30 18:39:13 INFO  Testbase:46 - browser name chrome
2024-04-30 18:39:14 INFO  Testbase:52 - Application url = https://www.bookswagon.com/login
2024-04-30 18:39:18 INFO  Testbase:46 - browser name chrome
2024-04-30 18:39:19 INFO  Testbase:52 - Application url = https://www.bookswagon.com/login
2024-04-30 18:39:25 INFO  Testbase:40 - checking whether img is displayed or not 
2024-04-30 18:39:25 INFO  Testbase:46 - browser name chrome
2024-04-30 18:39:26 INFO  Testbase:52 - Application url = https://www.bookswagon.com/login
2024-04-30 18:39:36 INFO  Testbase:53 - Login test method is  running ...
2024-04-30 18:39:36 INFO  Testbase:46 - browser name chrome
2024-04-30 18:39:37 INFO  Testbase:52 - Application url = https://www.bookswagon.com/login
2024-04-30 18:39:43 WARN  Testbase:60 - OTP might take some time to generate 
2024-04-30 18:40:55 INFO  Testbase:46 - browser name chrome
2024-04-30 18:40:57 INFO  Testbase:52 - Application url = https://www.bookswagon.com/login
2024-04-30 18:41:00 INFO  Testbase:46 - browser name chrome
2024-04-30 18:41:01 INFO  Testbase:52 - Application url = https://www.bookswagon.com/login
2024-04-30 18:41:04 FATAL Testbase:72 - File should be connected to code till its execution 
2024-04-30 18:41:04 INFO  Testbase:46 - browser name chrome
2024-04-30 18:41:05 INFO  Testbase:52 - Application url = https://www.bookswagon.com/login
2024-04-30 18:41:09 FATAL Testbase:72 - File should be connected to code till its execution 
2024-04-30 18:41:09 INFO  Testbase:46 - browser name chrome
2024-04-30 18:41:10 INFO  Testbase:52 - Application url = https://www.bookswagon.com/login
2024-04-30 18:41:15 INFO  Testbase:46 - browser name chrome
2024-04-30 18:41:16 INFO  Testbase:52 - Application url = https://www.bookswagon.com/login
2024-04-30 18:41:22 INFO  Testbase:40 - checking whether img is displayed or not 
2024-04-30 18:41:22 WARN  Testbase:44 - Img might be shifted to different axis of page  
2024-04-30 18:41:22 INFO  Testbase:46 - browser name chrome
2024-04-30 18:41:23 INFO  Testbase:52 - Application url = https://www.bookswagon.com/login
2024-04-30 18:41:29 INFO  Testbase:53 - Login test method is  running ...
2024-04-30 18:41:29 INFO  Testbase:46 - browser name chrome
2024-04-30 18:41:30 INFO  Testbase:52 - Application url = https://www.bookswagon.com/login
2024-04-30 18:41:37 WARN  Testbase:60 - OTP might take some time to generate 
2024-04-30 18:55:24 INFO  Testbase:46 - browser name chrome
2024-04-30 18:55:25 INFO  Testbase:52 - Application url = https://www.bookswagon.com/login
2024-04-30 19:07:01 INFO  Testbase:46 - browser name chrome
2024-04-30 19:07:02 INFO  Testbase:52 - Application url = https://www.bookswagon.com/login
